<?xml version="1.0" encoding="UTF-8"?>
<!-- Generated by org.testng.reporters.JUnitReportReporter -->
<testsuite hostname="LTIN242691" failures="0" tests="6" name="TestNg.Gym" time="12.073" errors="0" timestamp="2024-02-28T10:54:32 IST" skipped="0">
  <testcase classname="TestNg.Gym" name="Homepage" time="5.865"/>
  <system-out/>
  <testcase classname="TestNg.Gym" name="location" time="0.379"/>
  <system-out/>
  <testcase classname="TestNg.Gym" name="scrollto" time="0.038"/>
  <system-out/>
  <testcase classname="TestNg.Gym" name="click_on_the_gym_button" time="0.170"/>
  <system-out/>
  <testcase classname="TestNg.Gym" name="store_the_list_of_submenu_and_display" time="2.498"/>
  <system-out/>
  <testcase classname="TestNg.Gym" name="display_all_the_submenu_content" time="3.123"/>
  <system-out/>
</testsuite> <!-- TestNg.Gym -->
