<?xml version="1.0" encoding="UTF-8"?>
<!-- Generated by org.testng.reporters.JUnitReportReporter -->
<testsuite hostname="LTIN242691" failures="0" tests="7" name="TestNg.CarwashingServices" time="42.944" errors="0" timestamp="2024-03-01T17:41:41 IST" skipped="0">
  <testcase classname="TestNg.CarwashingServices" name="visit_on_the_justdial_page" time="5.202"/>
  <system-out/>
  <testcase classname="TestNg.CarwashingServices" name="validate_the_title_of_the_webpage" time="0.009"/>
  <system-out/>
  <testcase classname="TestNg.CarwashingServices" name="enter_the_nearest_location" time="0.205"/>
  <system-out/>
  <testcase classname="TestNg.CarwashingServices" name="give_the_proper_data_and_search" time="0.521"/>
  <system-out/>
  <testcase classname="TestNg.CarwashingServices" name="click_on_the_apply_filter_button" time="0.965"/>
  <system-out/>
  <testcase classname="TestNg.CarwashingServices" name="applying_the_filter_as_per_description" time="1.551"/>
  <system-out/>
  <testcase classname="TestNg.CarwashingServices" name="getting_the_all_car_washing_service_provider_details" time="34.491"/>
  <system-out/>
</testsuite> <!-- TestNg.CarwashingServices -->
