<?xml version="1.0" encoding="UTF-8"?>
<!-- Generated by org.testng.reporters.JUnitReportReporter -->
<testsuite hostname="LTIN242691" failures="0" tests="7" name="TestNg.CarwashingServices" time="49.713" errors="0" timestamp="2024-02-28T10:54:32 IST" skipped="0">
  <testcase classname="TestNg.CarwashingServices" name="visit_on_the_justdial_page" time="5.820"/>
  <system-out/>
  <testcase classname="TestNg.CarwashingServices" name="validate_the_title_of_the_webpage" time="0.016"/>
  <system-out/>
  <testcase classname="TestNg.CarwashingServices" name="enter_the_nearest_location" time="0.430"/>
  <system-out/>
  <testcase classname="TestNg.CarwashingServices" name="give_the_proper_data_and_search" time="0.621"/>
  <system-out/>
  <testcase classname="TestNg.CarwashingServices" name="click_on_the_apply_filter_button" time="1.773"/>
  <system-out/>
  <testcase classname="TestNg.CarwashingServices" name="applying_the_filter_as_per_description" time="1.240"/>
  <system-out/>
  <testcase classname="TestNg.CarwashingServices" name="getting_the_all_car_washing_service_provider_details" time="39.813"/>
  <system-out/>
</testsuite> <!-- TestNg.CarwashingServices -->
