<?xml version="1.0" encoding="UTF-8"?>
<!-- Generated by org.testng.reporters.JUnitReportReporter -->
<testsuite hostname="LTIN242691" failures="0" tests="7" name="TestNg.FreelistingScenario" time="7.527" errors="0" timestamp="2024-02-28T10:54:32 IST" skipped="0">
  <testcase classname="TestNg.FreelistingScenario" name="user_visit_on_the_justdial_home_page" time="4.861"/>
  <system-out/>
  <testcase classname="TestNg.FreelistingScenario" name="enter_the_near_by_location" time="0.421"/>
  <system-out/>
  <testcase classname="TestNg.FreelistingScenario" name="user_click_on_the_free_listing_button" time="1.870"/>
  <system-out/>
  <testcase classname="TestNg.FreelistingScenario" name="validate_the_free_listing_webpage" time="0.035"/>
  <system-out/>
  <testcase classname="TestNg.FreelistingScenario" name="user_enter_the_wrong_number" time="0.151"/>
  <system-out/>
  <testcase classname="TestNg.FreelistingScenario" name="click_on_the_start_now_button" time="0.131"/>
  <system-out/>
  <testcase classname="TestNg.FreelistingScenario" name="validating_the_error_message" time="0.058"/>
  <system-out/>
</testsuite> <!-- TestNg.FreelistingScenario -->
