<?xml version="1.0" encoding="UTF-8"?>
<!-- Generated by org.testng.reporters.JUnitReportReporter -->
<testsuite hostname="LTIN242691" failures="0" tests="4" name="testrun.TestRunner" time="153.217" errors="0" timestamp="2024-03-11T19:56:37 IST" skipped="0">
  <testcase classname="testrun.TestRunner" name="runScenario" time="58.427"/>
  <system-out/>
  <testcase classname="testrun.TestRunner" name="runScenario" time="52.307"/>
  <system-out/>
  <testcase classname="testrun.TestRunner" name="runScenario" time="21.218"/>
  <system-out/>
  <testcase classname="testrun.TestRunner" name="runScenario" time="21.265"/>
  <system-out/>
</testsuite> <!-- testrun.TestRunner -->
