<?xml version="1.0" encoding="UTF-8"?>
<!-- Generated by org.testng.reporters.JUnitReportReporter -->
<testsuite hostname="LTIN242691" failures="0" tests="7" name="TestNg.FreelistingScenario" time="11.813" errors="0" timestamp="2024-02-29T16:26:49 IST" skipped="0">
  <testcase classname="TestNg.FreelistingScenario" name="user_visit_on_the_justdial_home_page" time="0.002"/>
  <system-out/>
  <testcase classname="TestNg.FreelistingScenario" name="enter_the_near_by_location" time="0.242"/>
  <system-out/>
  <testcase classname="TestNg.FreelistingScenario" name="user_click_on_the_free_listing_button" time="2.904"/>
  <system-out/>
  <testcase classname="TestNg.FreelistingScenario" name="validate_the_free_listing_webpage" time="0.014"/>
  <system-out/>
  <testcase classname="TestNg.FreelistingScenario" name="user_enter_the_wrong_number" time="0.067"/>
  <system-out/>
  <testcase classname="TestNg.FreelistingScenario" name="click_on_the_start_now_button" time="0.065"/>
  <system-out/>
  <testcase classname="TestNg.FreelistingScenario" name="validating_the_error_message" time="8.519"/>
  <system-out/>
</testsuite> <!-- TestNg.FreelistingScenario -->
