<?xml version="1.0" encoding="UTF-8"?>
<!-- Generated by org.testng.reporters.JUnitReportReporter -->
<testsuite hostname="LTIN242691" failures="0" tests="6" name="TestNg.Gym" time="5.029" errors="0" timestamp="2024-03-12T08:42:11 IST" skipped="0">
  <testcase classname="TestNg.Gym" name="Homepage" time="0.001"/>
  <system-out/>
  <testcase classname="TestNg.Gym" name="location" time="0.803"/>
  <system-out/>
  <testcase classname="TestNg.Gym" name="scrollto" time="0.029"/>
  <system-out/>
  <testcase classname="TestNg.Gym" name="click_on_the_gym_button" time="0.093"/>
  <system-out/>
  <testcase classname="TestNg.Gym" name="store_the_list_of_submenu_and_display" time="1.444"/>
  <system-out/>
  <testcase classname="TestNg.Gym" name="display_all_the_submenu_content" time="2.659"/>
  <system-out/>
</testsuite> <!-- TestNg.Gym -->
