<?xml version="1.0" encoding="UTF-8"?>
<!-- Generated by org.testng.reporters.JUnitReportReporter -->
<testsuite hostname="LTIN242691" failures="0" tests="7" name="TestNg.FreelistingScenario" time="4.021" errors="0" timestamp="2024-03-12T08:42:11 IST" skipped="0">
  <testcase classname="TestNg.FreelistingScenario" name="user_visit_on_the_justdial_home_page" time="0.001"/>
  <system-out/>
  <testcase classname="TestNg.FreelistingScenario" name="enter_the_near_by_location" time="0.207"/>
  <system-out/>
  <testcase classname="TestNg.FreelistingScenario" name="user_click_on_the_free_listing_button" time="2.473"/>
  <system-out/>
  <testcase classname="TestNg.FreelistingScenario" name="validate_the_free_listing_webpage" time="0.021"/>
  <system-out/>
  <testcase classname="TestNg.FreelistingScenario" name="user_enter_the_wrong_number" time="0.076"/>
  <system-out/>
  <testcase classname="TestNg.FreelistingScenario" name="click_on_the_start_now_button" time="0.067"/>
  <system-out/>
  <testcase classname="TestNg.FreelistingScenario" name="validating_the_error_message" time="1.176"/>
  <system-out/>
</testsuite> <!-- TestNg.FreelistingScenario -->
